{"/home/majortom/repos/gdal_multitosingle/src/index.js": {"path":"/home/majortom/repos/gdal_multitosingle/src/index.js","statementMap":{"0":{"start":{"line":1,"column":13},"end":{"line":1,"column":28}},"1":{"start":{"line":2,"column":23},"end":{"line":2,"column":50}},"2":{"start":{"line":4,"column":20},"end":{"line":28,"column":1}},"3":{"start":{"line":9,"column":2},"end":{"line":27,"column":3}},"4":{"start":{"line":10,"column":17},"end":{"line":10,"column":30}},"5":{"start":{"line":11,"column":21},"end":{"line":11,"column":66}},"6":{"start":{"line":12,"column":4},"end":{"line":24,"column":5}},"7":{"start":{"line":15,"column":8},"end":{"line":15,"column":87}},"8":{"start":{"line":18,"column":8},"end":{"line":18,"column":85}},"9":{"start":{"line":21,"column":8},"end":{"line":21,"column":90}},"10":{"start":{"line":23,"column":8},"end":{"line":23,"column":50}},"11":{"start":{"line":26,"column":4},"end":{"line":26,"column":23}},"12":{"start":{"line":30,"column":0},"end":{"line":30,"column":34}}},"fnMap":{"0":{"name":"(anonymous_0)","decl":{"start":{"line":4,"column":20},"end":{"line":4,"column":21}},"loc":{"start":{"line":8,"column":5},"end":{"line":28,"column":1}},"line":8}},"branchMap":{"0":{"loc":{"start":{"line":6,"column":2},"end":{"line":6,"column":55}},"type":"default-arg","locations":[{"start":{"line":6,"column":15},"end":{"line":6,"column":55}}],"line":6},"1":{"loc":{"start":{"line":7,"column":2},"end":{"line":7,"column":33}},"type":"default-arg","locations":[{"start":{"line":7,"column":17},"end":{"line":7,"column":33}}],"line":7},"2":{"loc":{"start":{"line":12,"column":4},"end":{"line":24,"column":5}},"type":"switch","locations":[{"start":{"line":13,"column":6},"end":{"line":13,"column":26}},{"start":{"line":14,"column":6},"end":{"line":15,"column":87}},{"start":{"line":16,"column":6},"end":{"line":16,"column":19}},{"start":{"line":17,"column":6},"end":{"line":18,"column":85}},{"start":{"line":19,"column":6},"end":{"line":19,"column":24}},{"start":{"line":20,"column":6},"end":{"line":21,"column":90}},{"start":{"line":22,"column":6},"end":{"line":23,"column":50}}],"line":12}},"s":{"0":1,"1":1,"2":1,"3":4,"4":4,"5":4,"6":4,"7":1,"8":1,"9":2,"10":0,"11":0,"12":1},"f":{"0":4},"b":{"0":[0],"1":[0],"2":[1,1,0,1,1,2,0]},"_coverageSchema":"332fd63041d2c1bcb487cc26dd0d5f7d97098a6c","hash":"2ad83d91bd85105fa4e07de26056316f2adee2a8"}
,"/home/majortom/repos/gdal_multitosingle/src/simpleFeatures.js": {"path":"/home/majortom/repos/gdal_multitosingle/src/simpleFeatures.js","statementMap":{"0":{"start":{"line":1,"column":13},"end":{"line":1,"column":28}},"1":{"start":{"line":2,"column":13},"end":{"line":2,"column":28}},"2":{"start":{"line":4,"column":0},"end":{"line":39,"column":2}},"3":{"start":{"line":5,"column":21},"end":{"line":5,"column":61}},"4":{"start":{"line":6,"column":20},"end":{"line":6,"column":87}},"5":{"start":{"line":7,"column":19},"end":{"line":7,"column":70}},"6":{"start":{"line":8,"column":2},"end":{"line":10,"column":3}},"7":{"start":{"line":9,"column":4},"end":{"line":9,"column":58}},"8":{"start":{"line":12,"column":21},"end":{"line":12,"column":47}},"9":{"start":{"line":13,"column":2},"end":{"line":35,"column":3}},"10":{"start":{"line":14,"column":4},"end":{"line":21,"column":5}},"11":{"start":{"line":15,"column":22},"end":{"line":15,"column":48}},"12":{"start":{"line":16,"column":6},"end":{"line":16,"column":54}},"13":{"start":{"line":17,"column":6},"end":{"line":19,"column":7}},"14":{"start":{"line":18,"column":8},"end":{"line":18,"column":76}},"15":{"start":{"line":20,"column":6},"end":{"line":20,"column":37}},"16":{"start":{"line":23,"column":4},"end":{"line":32,"column":5}},"17":{"start":{"line":24,"column":6},"end":{"line":31,"column":7}},"18":{"start":{"line":25,"column":24},"end":{"line":25,"column":50}},"19":{"start":{"line":26,"column":8},"end":{"line":26,"column":40}},"20":{"start":{"line":27,"column":8},"end":{"line":29,"column":9}},"21":{"start":{"line":28,"column":10},"end":{"line":28,"column":78}},"22":{"start":{"line":30,"column":8},"end":{"line":30,"column":39}},"23":{"start":{"line":34,"column":4},"end":{"line":34,"column":45}},"24":{"start":{"line":37,"column":2},"end":{"line":37,"column":19}},"25":{"start":{"line":38,"column":2},"end":{"line":38,"column":20}}},"fnMap":{"0":{"name":"(anonymous_0)","decl":{"start":{"line":4,"column":17},"end":{"line":4,"column":18}},"loc":{"start":{"line":4,"column":80},"end":{"line":39,"column":1}},"line":4}},"branchMap":{"0":{"loc":{"start":{"line":14,"column":4},"end":{"line":21,"column":5}},"type":"if","locations":[{"start":{"line":14,"column":4},"end":{"line":21,"column":5}},{"start":{"line":14,"column":4},"end":{"line":21,"column":5}}],"line":14},"1":{"loc":{"start":{"line":23,"column":4},"end":{"line":32,"column":5}},"type":"if","locations":[{"start":{"line":23,"column":4},"end":{"line":32,"column":5}},{"start":{"line":23,"column":4},"end":{"line":32,"column":5}}],"line":23}},"s":{"0":1,"1":1,"2":1,"3":4,"4":4,"5":4,"6":4,"7":13,"8":4,"9":4,"10":18,"11":9,"12":9,"13":9,"14":27,"15":9,"16":18,"17":9,"18":26,"19":26,"20":26,"21":85,"22":26,"23":18,"24":4,"25":4},"f":{"0":4},"b":{"0":[9,9],"1":[9,9]},"_coverageSchema":"332fd63041d2c1bcb487cc26dd0d5f7d97098a6c","hash":"966c102fdcc833a5830a926f26c6d3200f73f95a"}
}
